2019-11-08 18:23:56 Warning: DebugKit not enabled. You need to either install pdo_sqlite, or define the "debug_kit" connection name.
2019-11-08 18:25:20 Warning: DebugKit not enabled. You need to either install pdo_sqlite, or define the "debug_kit" connection name.
2019-11-08 18:27:55 Warning: DebugKit not enabled. You need to either install pdo_sqlite, or define the "debug_kit" connection name.
2019-11-08 18:27:55 Warning: Warning (512): Unable to emit headers. Headers sent in file=/var/www/html/SISPREV/vendor/cakephp/cakephp/src/Error/Debugger.php line=856 in [/var/www/html/SISPREV/vendor/cakephp/cakephp/src/Http/ResponseEmitter.php, line 51]
Request URL: /
Client IP: 127.0.0.1
Trace:
Cake\Error\BaseErrorHandler::handleError() - CORE/src/Error/BaseErrorHandler.php, line 158
Cake\Core\BasePlugin::{closure}() - ROOT/vendor/cakephp/debug_kit/config/bootstrap.php, line 42
Cake\Http\ResponseEmitter::emit() - CORE/src/Http/ResponseEmitter.php, line 51
Cake\Http\Server::emit() - CORE/src/Http/Server.php, line 140
[main] - ROOT/webroot/index.php, line 40



2019-11-08 18:27:55 Warning: Warning (2): Cannot modify header information - headers already sent by (output started at /var/www/html/SISPREV/vendor/cakephp/cakephp/src/Error/Debugger.php:856) in [/var/www/html/SISPREV/vendor/cakephp/cakephp/src/Http/ResponseEmitter.php, line 152]
Request URL: /
Client IP: 127.0.0.1
Trace:
Cake\Error\BaseErrorHandler::handleError() - CORE/src/Error/BaseErrorHandler.php, line 158
Cake\Core\BasePlugin::{closure}() - ROOT/vendor/cakephp/debug_kit/config/bootstrap.php, line 42
header - [internal], line ??
Cake\Http\ResponseEmitter::emitStatusLine() - CORE/src/Http/ResponseEmitter.php, line 152
Cake\Http\ResponseEmitter::emit() - CORE/src/Http/ResponseEmitter.php, line 57
Cake\Http\Server::emit() - CORE/src/Http/Server.php, line 140
[main] - ROOT/webroot/index.php, line 40



2019-11-08 18:27:55 Warning: Warning (2): Cannot modify header information - headers already sent by (output started at /var/www/html/SISPREV/vendor/cakephp/cakephp/src/Error/Debugger.php:856) in [/var/www/html/SISPREV/vendor/cakephp/cakephp/src/Http/ResponseEmitter.php, line 185]
Request URL: /
Client IP: 127.0.0.1
Trace:
Cake\Error\BaseErrorHandler::handleError() - CORE/src/Error/BaseErrorHandler.php, line 158
Cake\Core\BasePlugin::{closure}() - ROOT/vendor/cakephp/debug_kit/config/bootstrap.php, line 42
header - [internal], line ??
Cake\Http\ResponseEmitter::emitHeaders() - CORE/src/Http/ResponseEmitter.php, line 185
Cake\Http\ResponseEmitter::emit() - CORE/src/Http/ResponseEmitter.php, line 58
Cake\Http\Server::emit() - CORE/src/Http/Server.php, line 140
[main] - ROOT/webroot/index.php, line 40



2019-11-08 18:27:59 Warning: DebugKit not enabled. You need to either install pdo_sqlite, or define the "debug_kit" connection name.
2019-11-08 18:27:59 Warning: Warning (512): Unable to emit headers. Headers sent in file=/var/www/html/SISPREV/vendor/cakephp/cakephp/src/Error/Debugger.php line=856 in [/var/www/html/SISPREV/vendor/cakephp/cakephp/src/Http/ResponseEmitter.php, line 51]
Request URL: /orgao
Client IP: 127.0.0.1
Trace:
Cake\Error\BaseErrorHandler::handleError() - CORE/src/Error/BaseErrorHandler.php, line 158
Cake\Core\BasePlugin::{closure}() - ROOT/vendor/cakephp/debug_kit/config/bootstrap.php, line 42
Cake\Http\ResponseEmitter::emit() - CORE/src/Http/ResponseEmitter.php, line 51
Cake\Http\Server::emit() - CORE/src/Http/Server.php, line 140
[main] - ROOT/webroot/index.php, line 40



2019-11-08 18:27:59 Warning: Warning (2): Cannot modify header information - headers already sent by (output started at /var/www/html/SISPREV/vendor/cakephp/cakephp/src/Error/Debugger.php:856) in [/var/www/html/SISPREV/vendor/cakephp/cakephp/src/Http/ResponseEmitter.php, line 152]
Request URL: /orgao
Client IP: 127.0.0.1
Trace:
Cake\Error\BaseErrorHandler::handleError() - CORE/src/Error/BaseErrorHandler.php, line 158
Cake\Core\BasePlugin::{closure}() - ROOT/vendor/cakephp/debug_kit/config/bootstrap.php, line 42
header - [internal], line ??
Cake\Http\ResponseEmitter::emitStatusLine() - CORE/src/Http/ResponseEmitter.php, line 152
Cake\Http\ResponseEmitter::emit() - CORE/src/Http/ResponseEmitter.php, line 57
Cake\Http\Server::emit() - CORE/src/Http/Server.php, line 140
[main] - ROOT/webroot/index.php, line 40



2019-11-08 18:27:59 Warning: Warning (2): Cannot modify header information - headers already sent by (output started at /var/www/html/SISPREV/vendor/cakephp/cakephp/src/Error/Debugger.php:856) in [/var/www/html/SISPREV/vendor/cakephp/cakephp/src/Http/ResponseEmitter.php, line 185]
Request URL: /orgao
Client IP: 127.0.0.1
Trace:
Cake\Error\BaseErrorHandler::handleError() - CORE/src/Error/BaseErrorHandler.php, line 158
Cake\Core\BasePlugin::{closure}() - ROOT/vendor/cakephp/debug_kit/config/bootstrap.php, line 42
header - [internal], line ??
Cake\Http\ResponseEmitter::emitHeaders() - CORE/src/Http/ResponseEmitter.php, line 185
Cake\Http\ResponseEmitter::emit() - CORE/src/Http/ResponseEmitter.php, line 58
Cake\Http\Server::emit() - CORE/src/Http/Server.php, line 140
[main] - ROOT/webroot/index.php, line 40



2019-11-08 18:28:35 Warning: DebugKit not enabled. You need to either install pdo_sqlite, or define the "debug_kit" connection name.
2019-11-08 18:28:35 Warning: Warning (512): Unable to emit headers. Headers sent in file=/var/www/html/SISPREV/vendor/cakephp/cakephp/src/Error/Debugger.php line=856 in [/var/www/html/SISPREV/vendor/cakephp/cakephp/src/Http/ResponseEmitter.php, line 51]
Request URL: /orgao
Client IP: 127.0.0.1
Trace:
Cake\Error\BaseErrorHandler::handleError() - CORE/src/Error/BaseErrorHandler.php, line 158
Cake\Core\BasePlugin::{closure}() - ROOT/vendor/cakephp/debug_kit/config/bootstrap.php, line 42
Cake\Http\ResponseEmitter::emit() - CORE/src/Http/ResponseEmitter.php, line 51
Cake\Http\Server::emit() - CORE/src/Http/Server.php, line 140
[main] - ROOT/webroot/index.php, line 40



2019-11-08 18:28:35 Warning: Warning (2): Cannot modify header information - headers already sent by (output started at /var/www/html/SISPREV/vendor/cakephp/cakephp/src/Error/Debugger.php:856) in [/var/www/html/SISPREV/vendor/cakephp/cakephp/src/Http/ResponseEmitter.php, line 152]
Request URL: /orgao
Client IP: 127.0.0.1
Trace:
Cake\Error\BaseErrorHandler::handleError() - CORE/src/Error/BaseErrorHandler.php, line 158
Cake\Core\BasePlugin::{closure}() - ROOT/vendor/cakephp/debug_kit/config/bootstrap.php, line 42
header - [internal], line ??
Cake\Http\ResponseEmitter::emitStatusLine() - CORE/src/Http/ResponseEmitter.php, line 152
Cake\Http\ResponseEmitter::emit() - CORE/src/Http/ResponseEmitter.php, line 57
Cake\Http\Server::emit() - CORE/src/Http/Server.php, line 140
[main] - ROOT/webroot/index.php, line 40



2019-11-08 18:28:35 Warning: Warning (2): Cannot modify header information - headers already sent by (output started at /var/www/html/SISPREV/vendor/cakephp/cakephp/src/Error/Debugger.php:856) in [/var/www/html/SISPREV/vendor/cakephp/cakephp/src/Http/ResponseEmitter.php, line 185]
Request URL: /orgao
Client IP: 127.0.0.1
Trace:
Cake\Error\BaseErrorHandler::handleError() - CORE/src/Error/BaseErrorHandler.php, line 158
Cake\Core\BasePlugin::{closure}() - ROOT/vendor/cakephp/debug_kit/config/bootstrap.php, line 42
header - [internal], line ??
Cake\Http\ResponseEmitter::emitHeaders() - CORE/src/Http/ResponseEmitter.php, line 185
Cake\Http\ResponseEmitter::emit() - CORE/src/Http/ResponseEmitter.php, line 58
Cake\Http\Server::emit() - CORE/src/Http/Server.php, line 140
[main] - ROOT/webroot/index.php, line 40



2019-11-08 18:28:36 Warning: DebugKit not enabled. You need to either install pdo_sqlite, or define the "debug_kit" connection name.
2019-11-08 18:28:36 Warning: Warning (512): Unable to emit headers. Headers sent in file=/var/www/html/SISPREV/vendor/cakephp/cakephp/src/Error/Debugger.php line=856 in [/var/www/html/SISPREV/vendor/cakephp/cakephp/src/Http/ResponseEmitter.php, line 51]
Request URL: /orgao
Client IP: 127.0.0.1
Trace:
Cake\Error\BaseErrorHandler::handleError() - CORE/src/Error/BaseErrorHandler.php, line 158
Cake\Core\BasePlugin::{closure}() - ROOT/vendor/cakephp/debug_kit/config/bootstrap.php, line 42
Cake\Http\ResponseEmitter::emit() - CORE/src/Http/ResponseEmitter.php, line 51
Cake\Http\Server::emit() - CORE/src/Http/Server.php, line 140
[main] - ROOT/webroot/index.php, line 40



2019-11-08 18:28:36 Warning: Warning (2): Cannot modify header information - headers already sent by (output started at /var/www/html/SISPREV/vendor/cakephp/cakephp/src/Error/Debugger.php:856) in [/var/www/html/SISPREV/vendor/cakephp/cakephp/src/Http/ResponseEmitter.php, line 152]
Request URL: /orgao
Client IP: 127.0.0.1
Trace:
Cake\Error\BaseErrorHandler::handleError() - CORE/src/Error/BaseErrorHandler.php, line 158
Cake\Core\BasePlugin::{closure}() - ROOT/vendor/cakephp/debug_kit/config/bootstrap.php, line 42
header - [internal], line ??
Cake\Http\ResponseEmitter::emitStatusLine() - CORE/src/Http/ResponseEmitter.php, line 152
Cake\Http\ResponseEmitter::emit() - CORE/src/Http/ResponseEmitter.php, line 57
Cake\Http\Server::emit() - CORE/src/Http/Server.php, line 140
[main] - ROOT/webroot/index.php, line 40



2019-11-08 18:28:36 Warning: Warning (2): Cannot modify header information - headers already sent by (output started at /var/www/html/SISPREV/vendor/cakephp/cakephp/src/Error/Debugger.php:856) in [/var/www/html/SISPREV/vendor/cakephp/cakephp/src/Http/ResponseEmitter.php, line 185]
Request URL: /orgao
Client IP: 127.0.0.1
Trace:
Cake\Error\BaseErrorHandler::handleError() - CORE/src/Error/BaseErrorHandler.php, line 158
Cake\Core\BasePlugin::{closure}() - ROOT/vendor/cakephp/debug_kit/config/bootstrap.php, line 42
header - [internal], line ??
Cake\Http\ResponseEmitter::emitHeaders() - CORE/src/Http/ResponseEmitter.php, line 185
Cake\Http\ResponseEmitter::emit() - CORE/src/Http/ResponseEmitter.php, line 58
Cake\Http\Server::emit() - CORE/src/Http/Server.php, line 140
[main] - ROOT/webroot/index.php, line 40



2019-11-08 18:29:07 Warning: DebugKit not enabled. You need to either install pdo_sqlite, or define the "debug_kit" connection name.
2019-11-08 18:29:07 Warning: Warning (512): Unable to emit headers. Headers sent in file=/var/www/html/SISPREV/vendor/cakephp/cakephp/src/Error/Debugger.php line=856 in [/var/www/html/SISPREV/vendor/cakephp/cakephp/src/Http/ResponseEmitter.php, line 51]
Request URL: /orgao
Client IP: 127.0.0.1
Trace:
Cake\Error\BaseErrorHandler::handleError() - CORE/src/Error/BaseErrorHandler.php, line 158
Cake\Core\BasePlugin::{closure}() - ROOT/vendor/cakephp/debug_kit/config/bootstrap.php, line 42
Cake\Http\ResponseEmitter::emit() - CORE/src/Http/ResponseEmitter.php, line 51
Cake\Http\Server::emit() - CORE/src/Http/Server.php, line 140
[main] - ROOT/webroot/index.php, line 40



2019-11-08 18:29:07 Warning: Warning (2): Cannot modify header information - headers already sent by (output started at /var/www/html/SISPREV/vendor/cakephp/cakephp/src/Error/Debugger.php:856) in [/var/www/html/SISPREV/vendor/cakephp/cakephp/src/Http/ResponseEmitter.php, line 152]
Request URL: /orgao
Client IP: 127.0.0.1
Trace:
Cake\Error\BaseErrorHandler::handleError() - CORE/src/Error/BaseErrorHandler.php, line 158
Cake\Core\BasePlugin::{closure}() - ROOT/vendor/cakephp/debug_kit/config/bootstrap.php, line 42
header - [internal], line ??
Cake\Http\ResponseEmitter::emitStatusLine() - CORE/src/Http/ResponseEmitter.php, line 152
Cake\Http\ResponseEmitter::emit() - CORE/src/Http/ResponseEmitter.php, line 57
Cake\Http\Server::emit() - CORE/src/Http/Server.php, line 140
[main] - ROOT/webroot/index.php, line 40



2019-11-08 18:29:07 Warning: Warning (2): Cannot modify header information - headers already sent by (output started at /var/www/html/SISPREV/vendor/cakephp/cakephp/src/Error/Debugger.php:856) in [/var/www/html/SISPREV/vendor/cakephp/cakephp/src/Http/ResponseEmitter.php, line 185]
Request URL: /orgao
Client IP: 127.0.0.1
Trace:
Cake\Error\BaseErrorHandler::handleError() - CORE/src/Error/BaseErrorHandler.php, line 158
Cake\Core\BasePlugin::{closure}() - ROOT/vendor/cakephp/debug_kit/config/bootstrap.php, line 42
header - [internal], line ??
Cake\Http\ResponseEmitter::emitHeaders() - CORE/src/Http/ResponseEmitter.php, line 185
Cake\Http\ResponseEmitter::emit() - CORE/src/Http/ResponseEmitter.php, line 58
Cake\Http\Server::emit() - CORE/src/Http/Server.php, line 140
[main] - ROOT/webroot/index.php, line 40



2019-11-08 18:29:48 Warning: DebugKit not enabled. You need to either install pdo_sqlite, or define the "debug_kit" connection name.
2019-11-08 18:29:48 Error: Fatal Error (256): [ParseError] syntax error, unexpected '}'
#0 /var/www/html/SISPREV/vendor/composer/ClassLoader.php(322): Composer\Autoload\includeFile('/var/www/html/S...')
#1 [internal function]: Composer\Autoload\ClassLoader->loadClass('App\\Controller\\...')
#2 /var/www/html/SISPREV/src/Controller/ErrorController.php(24): spl_autoload_call('App\\Controller\\...')
#3 /var/www/html/SISPREV/vendor/composer/ClassLoader.php(444): include('/var/www/html/S...')
#4 /var/www/html/SISPREV/vendor/composer/ClassLoader.php(322): Composer\Autoload\includeFile('/var/www/html/S...')
#5 [internal function]: Composer\Autoload\ClassLoader->loadClass('App\\Controller\\...')
#6 [internal function]: spl_autoload_call('App\\Controller\\...')
#7 /var/www/html/SISPREV/vendor/cakephp/cakephp/src/Core/App.php(151): class_exists('App\\Controller\\...')
#8 /var/www/html/SISPREV/vendor/cakephp/cakephp/src/Core/App.php(63): Cake\Core\App::_classExistsInBase('\\Controller\\Err...', 'App')
#9 /var/www/html/SISPREV/vendor/cakephp/cakephp/src/Error/ExceptionRenderer.php(159): Cake\Core\App::className('Error', 'Controller', 'Controller')
#10 /var/www/html/SISPREV/vendor/cakephp/cakephp/src/Error/ExceptionRenderer.php(101): Cake\Error\ExceptionRenderer->_getController()
#11 /var/www/html/SISPREV/vendor/cakephp/cakephp/src/Error/ErrorHandler.php(136): Cake\Error\ExceptionRenderer->__construct(Object(Cake\Error\PHP7ErrorException))
#12 /var/www/html/SISPREV/vendor/cakephp/cakephp/src/Error/BaseErrorHandler.php(192): Cake\Error\ErrorHandler->_displayException(Object(Cake\Error\PHP7ErrorException))
#13 /var/www/html/SISPREV/vendor/cakephp/cakephp/src/Error/BaseErrorHandler.php(176): Cake\Error\BaseErrorHandler->handleException(Object(Cake\Error\PHP7ErrorException))
#14 [internal function]: Cake\Error\BaseErrorHandler->wrapAndHandleException(Object(Cake\Error\PHP7ErrorException))
#15 {main} in [/var/www/html/SISPREV/vendor/cakephp/cakephp/src/Error/ErrorHandler.php, line 180]


2019-11-08 18:29:48 Error: Fatal Error (256): [ParseError] syntax error, unexpected '}'
#0 /var/www/html/SISPREV/vendor/composer/ClassLoader.php(322): Composer\Autoload\includeFile('/var/www/html/S...')
#1 [internal function]: Composer\Autoload\ClassLoader->loadClass('App\\Controller\\...')
#2 /var/www/html/SISPREV/src/Controller/ErrorController.php(24): spl_autoload_call('App\\Controller\\...')
#3 /var/www/html/SISPREV/vendor/composer/ClassLoader.php(444): include('/var/www/html/S...')
#4 /var/www/html/SISPREV/vendor/composer/ClassLoader.php(322): Composer\Autoload\includeFile('/var/www/html/S...')
#5 [internal function]: Composer\Autoload\ClassLoader->loadClass('App\\Controller\\...')
#6 [internal function]: spl_autoload_call('App\\Controller\\...')
#7 /var/www/html/SISPREV/vendor/cakephp/cakephp/src/Core/App.php(151): class_exists('App\\Controller\\...')
#8 /var/www/html/SISPREV/vendor/cakephp/cakephp/src/Core/App.php(63): Cake\Core\App::_classExistsInBase('\\Controller\\Err...', 'App')
#9 /var/www/html/SISPREV/vendor/cakephp/cakephp/src/Error/ExceptionRenderer.php(159): Cake\Core\App::className('Error', 'Controller', 'Controller')
#10 /var/www/html/SISPREV/vendor/cakephp/cakephp/src/Error/ExceptionRenderer.php(101): Cake\Error\ExceptionRenderer->_getController()
#11 /var/www/html/SISPREV/vendor/cakephp/cakephp/src/Error/ErrorHandler.php(136): Cake\Error\ExceptionRenderer->__construct(Object(Cake\Error\FatalErrorException))
#12 /var/www/html/SISPREV/vendor/cakephp/cakephp/src/Error/BaseErrorHandler.php(192): Cake\Error\ErrorHandler->_displayException(Object(Cake\Error\FatalErrorException))
#13 /var/www/html/SISPREV/vendor/cakephp/cakephp/src/Error/BaseErrorHandler.php(230): Cake\Error\BaseErrorHandler->handleException(Object(Cake\Error\FatalErrorException))
#14 /var/www/html/SISPREV/vendor/cakephp/cakephp/src/Error/BaseErrorHandler.php(138): Cake\Error\BaseErrorHandler->handleFatalError(256, '[ParseError] sy...', '/var/www/html/S...', 180)
#15 /var/www/html/SISPREV/vendor/cakephp/debug_kit/config/bootstrap.php(42): Cake\Error\BaseErrorHandler->handleError(256, '[ParseError] sy...', '/var/www/html/S...', 180, Array)
#16 [internal function]: Cake\Core\BasePlugin->{closure}(256, '[ParseError] sy...', '/var/www/html/S...', 180, Array)
#17 /var/www/html/SISPREV/vendor/cakephp/cakephp/src/Error/ErrorHandler.php(180): trigger_error('[ParseError] sy...', 256)
#18 /var/www/html/SISPREV/vendor/cakephp/cakephp/src/Error/ErrorHandler.php(141): Cake\Error\ErrorHandler->_logInternalError(Object(ParseError))
#19 /var/www/html/SISPREV/vendor/cakephp/cakephp/src/Error/BaseErrorHandler.php(192): Cake\Error\ErrorHandler->_displayException(Object(ParseError))
#20 /var/www/html/SISPREV/vendor/cakephp/cakephp/src/Error/BaseErrorHandler.php(176): Cake\Error\BaseErrorHandler->handleException(Object(Cake\Error\PHP7ErrorException))
#21 [internal function]: Cake\Error\BaseErrorHandler->wrapAndHandleException(Object(Cake\Error\PHP7ErrorException))
#22 {main} in [/var/www/html/SISPREV/vendor/cakephp/cakephp/src/Error/ErrorHandler.php, line 180]


2019-11-08 18:29:48 Error: Fatal Error (256): [ParseError] syntax error, unexpected '}'
#0 /var/www/html/SISPREV/vendor/composer/ClassLoader.php(322): Composer\Autoload\includeFile('/var/www/html/S...')
#1 [internal function]: Composer\Autoload\ClassLoader->loadClass('App\\Controller\\...')
#2 /var/www/html/SISPREV/src/Controller/ErrorController.php(24): spl_autoload_call('App\\Controller\\...')
#3 /var/www/html/SISPREV/vendor/composer/ClassLoader.php(444): include('/var/www/html/S...')
#4 /var/www/html/SISPREV/vendor/composer/ClassLoader.php(322): Composer\Autoload\includeFile('/var/www/html/S...')
#5 [internal function]: Composer\Autoload\ClassLoader->loadClass('App\\Controller\\...')
#6 [internal function]: spl_autoload_call('App\\Controller\\...')
#7 /var/www/html/SISPREV/vendor/cakephp/cakephp/src/Core/App.php(151): class_exists('App\\Controller\\...')
#8 /var/www/html/SISPREV/vendor/cakephp/cakephp/src/Core/App.php(63): Cake\Core\App::_classExistsInBase('\\Controller\\Err...', 'App')
#9 /var/www/html/SISPREV/vendor/cakephp/cakephp/src/Error/Excepti in [/var/www/html/SISPREV/vendor/cakephp/cakephp/src/Error/ErrorHandler.php, line 180]


2019-11-08 18:30:00 Warning: DebugKit not enabled. You need to either install pdo_sqlite, or define the "debug_kit" connection name.
2019-11-08 18:30:00 Warning: Warning (512): Unable to emit headers. Headers sent in file=/var/www/html/SISPREV/vendor/cakephp/cakephp/src/Error/Debugger.php line=856 in [/var/www/html/SISPREV/vendor/cakephp/cakephp/src/Http/ResponseEmitter.php, line 51]
Request URL: /orgao
Client IP: 127.0.0.1
Trace:
Cake\Error\BaseErrorHandler::handleError() - CORE/src/Error/BaseErrorHandler.php, line 158
Cake\Core\BasePlugin::{closure}() - ROOT/vendor/cakephp/debug_kit/config/bootstrap.php, line 42
Cake\Http\ResponseEmitter::emit() - CORE/src/Http/ResponseEmitter.php, line 51
Cake\Http\Server::emit() - CORE/src/Http/Server.php, line 140
[main] - ROOT/webroot/index.php, line 40



2019-11-08 18:30:00 Warning: Warning (2): Cannot modify header information - headers already sent by (output started at /var/www/html/SISPREV/vendor/cakephp/cakephp/src/Error/Debugger.php:856) in [/var/www/html/SISPREV/vendor/cakephp/cakephp/src/Http/ResponseEmitter.php, line 152]
Request URL: /orgao
Client IP: 127.0.0.1
Trace:
Cake\Error\BaseErrorHandler::handleError() - CORE/src/Error/BaseErrorHandler.php, line 158
Cake\Core\BasePlugin::{closure}() - ROOT/vendor/cakephp/debug_kit/config/bootstrap.php, line 42
header - [internal], line ??
Cake\Http\ResponseEmitter::emitStatusLine() - CORE/src/Http/ResponseEmitter.php, line 152
Cake\Http\ResponseEmitter::emit() - CORE/src/Http/ResponseEmitter.php, line 57
Cake\Http\Server::emit() - CORE/src/Http/Server.php, line 140
[main] - ROOT/webroot/index.php, line 40



2019-11-08 18:30:00 Warning: Warning (2): Cannot modify header information - headers already sent by (output started at /var/www/html/SISPREV/vendor/cakephp/cakephp/src/Error/Debugger.php:856) in [/var/www/html/SISPREV/vendor/cakephp/cakephp/src/Http/ResponseEmitter.php, line 185]
Request URL: /orgao
Client IP: 127.0.0.1
Trace:
Cake\Error\BaseErrorHandler::handleError() - CORE/src/Error/BaseErrorHandler.php, line 158
Cake\Core\BasePlugin::{closure}() - ROOT/vendor/cakephp/debug_kit/config/bootstrap.php, line 42
header - [internal], line ??
Cake\Http\ResponseEmitter::emitHeaders() - CORE/src/Http/ResponseEmitter.php, line 185
Cake\Http\ResponseEmitter::emit() - CORE/src/Http/ResponseEmitter.php, line 58
Cake\Http\Server::emit() - CORE/src/Http/Server.php, line 140
[main] - ROOT/webroot/index.php, line 40



2019-11-08 18:30:28 Warning: DebugKit not enabled. You need to either install pdo_sqlite, or define the "debug_kit" connection name.
2019-11-08 18:30:28 Error: [Cake\Core\Exception\MissingPluginException] Plugin TwitterBootstrap could not be found. (/var/www/html/SISPREV/vendor/cakephp/cakephp/src/Core/PluginCollection.php:207)
Exception Attributes: array (
  'plugin' => 'TwitterBootstrap',
)
#0 /var/www/html/SISPREV/vendor/cakephp/cakephp/src/Core/Plugin.php(254): Cake\Core\PluginCollection->get('TwitterBootstra...')
#1 /var/www/html/SISPREV/vendor/cakephp/cakephp/src/Core/App.php(189): Cake\Core\Plugin::classPath('TwitterBootstra...')
#2 /var/www/html/SISPREV/vendor/cakephp/cakephp/src/View/View.php(1764): Cake\Core\App::path('Template', 'TwitterBootstra...')
#3 /var/www/html/SISPREV/vendor/cakephp/cakephp/src/View/View.php(1578): Cake\View\View->_paths(NULL)
#4 /var/www/html/SISPREV/vendor/cakephp/cakephp/src/View/View.php(875): Cake\View\View->_getViewFileName('Orgao/index')
#5 /var/www/html/SISPREV/vendor/cakephp/cakephp/src/Controller/Controller.php(795): Cake\View\View->render(NULL, NULL)
#6 /var/www/html/SISPREV/vendor/cakephp/cakephp/src/Http/ActionDispatcher.php(126): Cake\Controller\Controller->render()
#7 /var/www/html/SISPREV/vendor/cakephp/cakephp/src/Http/ActionDispatcher.php(94): Cake\Http\ActionDispatcher->_invoke(Object(App\Controller\OrgaoController))
#8 /var/www/html/SISPREV/vendor/cakephp/cakephp/src/Http/BaseApplication.php(234): Cake\Http\ActionDispatcher->dispatch(Object(Cake\Http\ServerRequest), Object(Cake\Http\Response))
#9 /var/www/html/SISPREV/vendor/cakephp/cakephp/src/Http/Runner.php(65): Cake\Http\BaseApplication->__invoke(Object(Cake\Http\ServerRequest), Object(Cake\Http\Response), Object(Cake\Http\Runner))
#10 /var/www/html/SISPREV/vendor/cakephp/cakephp/src/Http/Runner.php(65): Cake\Http\Runner->__invoke(Object(Cake\Http\ServerRequest), Object(Cake\Http\Response), Object(Cake\Http\Runner))
#11 /var/www/html/SISPREV/vendor/cakephp/cakephp/src/Http/Middleware/CsrfProtectionMiddleware.php(123): Cake\Http\Runner->__invoke(Object(Cake\Http\ServerRequest), Object(Cake\Http\Response))
#12 /var/www/html/SISPREV/vendor/cakephp/cakephp/src/Http/Runner.php(65): Cake\Http\Middleware\CsrfProtectionMiddleware->__invoke(Object(Cake\Http\ServerRequest), Object(Cake\Http\Response), Object(Cake\Http\Runner))
#13 /var/www/html/SISPREV/vendor/cakephp/cakephp/src/Http/Runner.php(51): Cake\Http\Runner->__invoke(Object(Cake\Http\ServerRequest), Object(Cake\Http\Response))
#14 /var/www/html/SISPREV/vendor/cakephp/cakephp/src/Routing/Middleware/RoutingMiddleware.php(168): Cake\Http\Runner->run(Object(Cake\Http\MiddlewareQueue), Object(Cake\Http\ServerRequest), Object(Cake\Http\Response))
#15 /var/www/html/SISPREV/vendor/cakephp/cakephp/src/Http/Runner.php(65): Cake\Routing\Middleware\RoutingMiddleware->__invoke(Object(Cake\Http\ServerRequest), Object(Cake\Http\Response), Object(Cake\Http\Runner))
#16 /var/www/html/SISPREV/vendor/cakephp/cakephp/src/Routing/Middleware/AssetMiddleware.php(88): Cake\Http\Runner->__invoke(Object(Cake\Http\ServerRequest), Object(Cake\Http\Response))
#17 /var/www/html/SISPREV/vendor/cakephp/cakephp/src/Http/Runner.php(65): Cake\Routing\Middleware\AssetMiddleware->__invoke(Object(Cake\Http\ServerRequest), Object(Cake\Http\Response), Object(Cake\Http\Runner))
#18 /var/www/html/SISPREV/vendor/cakephp/cakephp/src/Error/Middleware/ErrorHandlerMiddleware.php(96): Cake\Http\Runner->__invoke(Object(Cake\Http\ServerRequest), Object(Cake\Http\Response))
#19 /var/www/html/SISPREV/vendor/cakephp/cakephp/src/Http/Runner.php(65): Cake\Error\Middleware\ErrorHandlerMiddleware->__invoke(Object(Cake\Http\ServerRequest), Object(Cake\Http\Response), Object(Cake\Http\Runner))
#20 /var/www/html/SISPREV/vendor/cakephp/cakephp/src/Http/Runner.php(51): Cake\Http\Runner->__invoke(Object(Cake\Http\ServerRequest), Object(Cake\Http\Response))
#21 /var/www/html/SISPREV/vendor/cakephp/cakephp/src/Http/Server.php(97): Cake\Http\Runner->run(Object(Cake\Http\MiddlewareQueue), Object(Cake\Http\ServerRequest), Object(Cake\Http\Response))
#22 /var/www/html/SISPREV/webroot/index.php(40): Cake\Http\Server->run()
#23 {main}
Request URL: /orgao


2019-11-08 18:30:36 Warning: DebugKit not enabled. You need to either install pdo_sqlite, or define the "debug_kit" connection name.
2019-11-08 18:30:36 Warning: Warning (512): Unable to emit headers. Headers sent in file=/var/www/html/SISPREV/vendor/cakephp/cakephp/src/Error/Debugger.php line=856 in [/var/www/html/SISPREV/vendor/cakephp/cakephp/src/Http/ResponseEmitter.php, line 51]
Request URL: /orgao
Client IP: 127.0.0.1
Trace:
Cake\Error\BaseErrorHandler::handleError() - CORE/src/Error/BaseErrorHandler.php, line 158
Cake\Core\BasePlugin::{closure}() - ROOT/vendor/cakephp/debug_kit/config/bootstrap.php, line 42
Cake\Http\ResponseEmitter::emit() - CORE/src/Http/ResponseEmitter.php, line 51
Cake\Http\Server::emit() - CORE/src/Http/Server.php, line 140
[main] - ROOT/webroot/index.php, line 40



2019-11-08 18:30:36 Warning: Warning (2): Cannot modify header information - headers already sent by (output started at /var/www/html/SISPREV/vendor/cakephp/cakephp/src/Error/Debugger.php:856) in [/var/www/html/SISPREV/vendor/cakephp/cakephp/src/Http/ResponseEmitter.php, line 152]
Request URL: /orgao
Client IP: 127.0.0.1
Trace:
Cake\Error\BaseErrorHandler::handleError() - CORE/src/Error/BaseErrorHandler.php, line 158
Cake\Core\BasePlugin::{closure}() - ROOT/vendor/cakephp/debug_kit/config/bootstrap.php, line 42
header - [internal], line ??
Cake\Http\ResponseEmitter::emitStatusLine() - CORE/src/Http/ResponseEmitter.php, line 152
Cake\Http\ResponseEmitter::emit() - CORE/src/Http/ResponseEmitter.php, line 57
Cake\Http\Server::emit() - CORE/src/Http/Server.php, line 140
[main] - ROOT/webroot/index.php, line 40



2019-11-08 18:30:36 Warning: Warning (2): Cannot modify header information - headers already sent by (output started at /var/www/html/SISPREV/vendor/cakephp/cakephp/src/Error/Debugger.php:856) in [/var/www/html/SISPREV/vendor/cakephp/cakephp/src/Http/ResponseEmitter.php, line 185]
Request URL: /orgao
Client IP: 127.0.0.1
Trace:
Cake\Error\BaseErrorHandler::handleError() - CORE/src/Error/BaseErrorHandler.php, line 158
Cake\Core\BasePlugin::{closure}() - ROOT/vendor/cakephp/debug_kit/config/bootstrap.php, line 42
header - [internal], line ??
Cake\Http\ResponseEmitter::emitHeaders() - CORE/src/Http/ResponseEmitter.php, line 185
Cake\Http\ResponseEmitter::emit() - CORE/src/Http/ResponseEmitter.php, line 58
Cake\Http\Server::emit() - CORE/src/Http/Server.php, line 140
[main] - ROOT/webroot/index.php, line 40



2019-11-08 18:31:09 Warning: DebugKit not enabled. You need to either install pdo_sqlite, or define the "debug_kit" connection name.
2019-11-08 18:31:09 Warning: Warning (512): Unable to emit headers. Headers sent in file=/var/www/html/SISPREV/vendor/cakephp/cakephp/src/Error/Debugger.php line=856 in [/var/www/html/SISPREV/vendor/cakephp/cakephp/src/Http/ResponseEmitter.php, line 51]
Request URL: /orgao
Client IP: 127.0.0.1
Trace:
Cake\Error\BaseErrorHandler::handleError() - CORE/src/Error/BaseErrorHandler.php, line 158
Cake\Core\BasePlugin::{closure}() - ROOT/vendor/cakephp/debug_kit/config/bootstrap.php, line 42
Cake\Http\ResponseEmitter::emit() - CORE/src/Http/ResponseEmitter.php, line 51
Cake\Http\Server::emit() - CORE/src/Http/Server.php, line 140
[main] - ROOT/webroot/index.php, line 40



2019-11-08 18:31:09 Warning: Warning (2): Cannot modify header information - headers already sent by (output started at /var/www/html/SISPREV/vendor/cakephp/cakephp/src/Error/Debugger.php:856) in [/var/www/html/SISPREV/vendor/cakephp/cakephp/src/Http/ResponseEmitter.php, line 152]
Request URL: /orgao
Client IP: 127.0.0.1
Trace:
Cake\Error\BaseErrorHandler::handleError() - CORE/src/Error/BaseErrorHandler.php, line 158
Cake\Core\BasePlugin::{closure}() - ROOT/vendor/cakephp/debug_kit/config/bootstrap.php, line 42
header - [internal], line ??
Cake\Http\ResponseEmitter::emitStatusLine() - CORE/src/Http/ResponseEmitter.php, line 152
Cake\Http\ResponseEmitter::emit() - CORE/src/Http/ResponseEmitter.php, line 57
Cake\Http\Server::emit() - CORE/src/Http/Server.php, line 140
[main] - ROOT/webroot/index.php, line 40



2019-11-08 18:31:09 Warning: Warning (2): Cannot modify header information - headers already sent by (output started at /var/www/html/SISPREV/vendor/cakephp/cakephp/src/Error/Debugger.php:856) in [/var/www/html/SISPREV/vendor/cakephp/cakephp/src/Http/ResponseEmitter.php, line 185]
Request URL: /orgao
Client IP: 127.0.0.1
Trace:
Cake\Error\BaseErrorHandler::handleError() - CORE/src/Error/BaseErrorHandler.php, line 158
Cake\Core\BasePlugin::{closure}() - ROOT/vendor/cakephp/debug_kit/config/bootstrap.php, line 42
header - [internal], line ??
Cake\Http\ResponseEmitter::emitHeaders() - CORE/src/Http/ResponseEmitter.php, line 185
Cake\Http\ResponseEmitter::emit() - CORE/src/Http/ResponseEmitter.php, line 58
Cake\Http\Server::emit() - CORE/src/Http/Server.php, line 140
[main] - ROOT/webroot/index.php, line 40



2019-11-08 18:31:54 Warning: DebugKit not enabled. You need to either install pdo_sqlite, or define the "debug_kit" connection name.
2019-11-08 18:40:41 Warning: DebugKit not enabled. You need to either install pdo_sqlite, or define the "debug_kit" connection name.
2019-11-08 18:40:43 Warning: DebugKit not enabled. You need to either install pdo_sqlite, or define the "debug_kit" connection name.
2019-11-08 18:40:43 Warning: DebugKit not enabled. You need to either install pdo_sqlite, or define the "debug_kit" connection name.
2019-11-08 18:41:28 Warning: DebugKit not enabled. You need to either install pdo_sqlite, or define the "debug_kit" connection name.
2019-11-08 18:41:29 Warning: DebugKit not enabled. You need to either install pdo_sqlite, or define the "debug_kit" connection name.
2019-11-08 18:41:29 Error: [Error] Call to a member function setFlash() on boolean (/var/www/html/SISPREV/src/Controller/OrgaoController.php:79)
#0 /var/www/html/SISPREV/vendor/cakephp/cakephp/src/Controller/Controller.php(609): App\Controller\OrgaoController->edit('1')
#1 /var/www/html/SISPREV/vendor/cakephp/cakephp/src/Http/ActionDispatcher.php(120): Cake\Controller\Controller->invokeAction()
#2 /var/www/html/SISPREV/vendor/cakephp/cakephp/src/Http/ActionDispatcher.php(94): Cake\Http\ActionDispatcher->_invoke(Object(App\Controller\OrgaoController))
#3 /var/www/html/SISPREV/vendor/cakephp/cakephp/src/Http/BaseApplication.php(234): Cake\Http\ActionDispatcher->dispatch(Object(Cake\Http\ServerRequest), Object(Cake\Http\Response))
#4 /var/www/html/SISPREV/vendor/cakephp/cakephp/src/Http/Runner.php(65): Cake\Http\BaseApplication->__invoke(Object(Cake\Http\ServerRequest), Object(Cake\Http\Response), Object(Cake\Http\Runner))
#5 /var/www/html/SISPREV/vendor/cakephp/cakephp/src/Http/Runner.php(65): Cake\Http\Runner->__invoke(Object(Cake\Http\ServerRequest), Object(Cake\Http\Response), Object(Cake\Http\Runner))
#6 /var/www/html/SISPREV/vendor/cakephp/cakephp/src/Http/Middleware/CsrfProtectionMiddleware.php(123): Cake\Http\Runner->__invoke(Object(Cake\Http\ServerRequest), Object(Cake\Http\Response))
#7 /var/www/html/SISPREV/vendor/cakephp/cakephp/src/Http/Runner.php(65): Cake\Http\Middleware\CsrfProtectionMiddleware->__invoke(Object(Cake\Http\ServerRequest), Object(Cake\Http\Response), Object(Cake\Http\Runner))
#8 /var/www/html/SISPREV/vendor/cakephp/cakephp/src/Http/Runner.php(51): Cake\Http\Runner->__invoke(Object(Cake\Http\ServerRequest), Object(Cake\Http\Response))
#9 /var/www/html/SISPREV/vendor/cakephp/cakephp/src/Routing/Middleware/RoutingMiddleware.php(168): Cake\Http\Runner->run(Object(Cake\Http\MiddlewareQueue), Object(Cake\Http\ServerRequest), Object(Cake\Http\Response))
#10 /var/www/html/SISPREV/vendor/cakephp/cakephp/src/Http/Runner.php(65): Cake\Routing\Middleware\RoutingMiddleware->__invoke(Object(Cake\Http\ServerRequest), Object(Cake\Http\Response), Object(Cake\Http\Runner))
#11 /var/www/html/SISPREV/vendor/cakephp/cakephp/src/Routing/Middleware/AssetMiddleware.php(88): Cake\Http\Runner->__invoke(Object(Cake\Http\ServerRequest), Object(Cake\Http\Response))
#12 /var/www/html/SISPREV/vendor/cakephp/cakephp/src/Http/Runner.php(65): Cake\Routing\Middleware\AssetMiddleware->__invoke(Object(Cake\Http\ServerRequest), Object(Cake\Http\Response), Object(Cake\Http\Runner))
#13 /var/www/html/SISPREV/vendor/cakephp/cakephp/src/Error/Middleware/ErrorHandlerMiddleware.php(96): Cake\Http\Runner->__invoke(Object(Cake\Http\ServerRequest), Object(Cake\Http\Response))
#14 /var/www/html/SISPREV/vendor/cakephp/cakephp/src/Http/Runner.php(65): Cake\Error\Middleware\ErrorHandlerMiddleware->__invoke(Object(Cake\Http\ServerRequest), Object(Cake\Http\Response), Object(Cake\Http\Runner))
#15 /var/www/html/SISPREV/vendor/cakephp/cakephp/src/Http/Runner.php(51): Cake\Http\Runner->__invoke(Object(Cake\Http\ServerRequest), Object(Cake\Http\Response))
#16 /var/www/html/SISPREV/vendor/cakephp/cakephp/src/Http/Server.php(97): Cake\Http\Runner->run(Object(Cake\Http\MiddlewareQueue), Object(Cake\Http\ServerRequest), Object(Cake\Http\Response))
#17 /var/www/html/SISPREV/webroot/index.php(40): Cake\Http\Server->run()
#18 {main}
Request URL: /orgao/edit/1
Referer URL: http://localhost/SISPREV/orgao/edit/1


2019-11-08 18:41:29 Warning: Warning (512): Unable to emit headers. Headers sent in file=/var/www/html/SISPREV/vendor/cakephp/cakephp/src/Error/Debugger.php line=856 in [/var/www/html/SISPREV/vendor/cakephp/cakephp/src/Http/ResponseEmitter.php, line 51]
Request URL: /orgao/edit/1
Referer URL: http://localhost/SISPREV/orgao/edit/1
Client IP: 127.0.0.1
Trace:
Cake\Error\BaseErrorHandler::handleError() - CORE/src/Error/BaseErrorHandler.php, line 158
Cake\Core\BasePlugin::{closure}() - ROOT/vendor/cakephp/debug_kit/config/bootstrap.php, line 42
Cake\Http\ResponseEmitter::emit() - CORE/src/Http/ResponseEmitter.php, line 51
Cake\Http\Server::emit() - CORE/src/Http/Server.php, line 140
[main] - ROOT/webroot/index.php, line 40



2019-11-08 18:41:29 Warning: Warning (2): Cannot modify header information - headers already sent by (output started at /var/www/html/SISPREV/vendor/cakephp/cakephp/src/Error/Debugger.php:856) in [/var/www/html/SISPREV/vendor/cakephp/cakephp/src/Http/ResponseEmitter.php, line 152]
Request URL: /orgao/edit/1
Referer URL: http://localhost/SISPREV/orgao/edit/1
Client IP: 127.0.0.1
Trace:
Cake\Error\BaseErrorHandler::handleError() - CORE/src/Error/BaseErrorHandler.php, line 158
Cake\Core\BasePlugin::{closure}() - ROOT/vendor/cakephp/debug_kit/config/bootstrap.php, line 42
header - [internal], line ??
Cake\Http\ResponseEmitter::emitStatusLine() - CORE/src/Http/ResponseEmitter.php, line 152
Cake\Http\ResponseEmitter::emit() - CORE/src/Http/ResponseEmitter.php, line 57
Cake\Http\Server::emit() - CORE/src/Http/Server.php, line 140
[main] - ROOT/webroot/index.php, line 40



2019-11-08 18:41:29 Warning: Warning (2): Cannot modify header information - headers already sent by (output started at /var/www/html/SISPREV/vendor/cakephp/cakephp/src/Error/Debugger.php:856) in [/var/www/html/SISPREV/vendor/cakephp/cakephp/src/Http/ResponseEmitter.php, line 185]
Request URL: /orgao/edit/1
Referer URL: http://localhost/SISPREV/orgao/edit/1
Client IP: 127.0.0.1
Trace:
Cake\Error\BaseErrorHandler::handleError() - CORE/src/Error/BaseErrorHandler.php, line 158
Cake\Core\BasePlugin::{closure}() - ROOT/vendor/cakephp/debug_kit/config/bootstrap.php, line 42
header - [internal], line ??
Cake\Http\ResponseEmitter::emitHeaders() - CORE/src/Http/ResponseEmitter.php, line 185
Cake\Http\ResponseEmitter::emit() - CORE/src/Http/ResponseEmitter.php, line 58
Cake\Http\Server::emit() - CORE/src/Http/Server.php, line 140
[main] - ROOT/webroot/index.php, line 40



2019-11-08 18:41:53 Warning: DebugKit not enabled. You need to either install pdo_sqlite, or define the "debug_kit" connection name.
2019-11-08 18:41:53 Warning: DebugKit not enabled. You need to either install pdo_sqlite, or define the "debug_kit" connection name.
2019-11-08 18:41:58 Warning: DebugKit not enabled. You need to either install pdo_sqlite, or define the "debug_kit" connection name.
2019-11-08 18:42:00 Warning: DebugKit not enabled. You need to either install pdo_sqlite, or define the "debug_kit" connection name.
2019-11-08 18:47:53 Warning: DebugKit not enabled. You need to either install pdo_sqlite, or define the "debug_kit" connection name.
2019-11-08 18:48:00 Warning: DebugKit not enabled. You need to either install pdo_sqlite, or define the "debug_kit" connection name.
2019-11-08 18:48:04 Warning: DebugKit not enabled. You need to either install pdo_sqlite, or define the "debug_kit" connection name.
2019-11-08 18:48:18 Warning: DebugKit not enabled. You need to either install pdo_sqlite, or define the "debug_kit" connection name.
2019-11-08 18:48:19 Error: [Cake\Routing\Exception\MissingControllerException] Controller class Ordem could not be found. (/var/www/html/SISPREV/vendor/cakephp/cakephp/src/Http/ControllerFactory.php:104)
Exception Attributes: array (
  'class' => 'Ordem',
  'plugin' => false,
  'prefix' => false,
  '_ext' => false,
)
#0 /var/www/html/SISPREV/vendor/cakephp/cakephp/src/Http/ControllerFactory.php(39): Cake\Http\ControllerFactory->missingController(Object(Cake\Http\ServerRequest))
#1 /var/www/html/SISPREV/vendor/cakephp/cakephp/src/Http/ActionDispatcher.php(91): Cake\Http\ControllerFactory->create(Object(Cake\Http\ServerRequest), Object(Cake\Http\Response))
#2 /var/www/html/SISPREV/vendor/cakephp/cakephp/src/Http/BaseApplication.php(234): Cake\Http\ActionDispatcher->dispatch(Object(Cake\Http\ServerRequest), Object(Cake\Http\Response))
#3 /var/www/html/SISPREV/vendor/cakephp/cakephp/src/Http/Runner.php(65): Cake\Http\BaseApplication->__invoke(Object(Cake\Http\ServerRequest), Object(Cake\Http\Response), Object(Cake\Http\Runner))
#4 /var/www/html/SISPREV/vendor/cakephp/cakephp/src/Http/Runner.php(65): Cake\Http\Runner->__invoke(Object(Cake\Http\ServerRequest), Object(Cake\Http\Response), Object(Cake\Http\Runner))
#5 /var/www/html/SISPREV/vendor/cakephp/cakephp/src/Http/Middleware/CsrfProtectionMiddleware.php(123): Cake\Http\Runner->__invoke(Object(Cake\Http\ServerRequest), Object(Cake\Http\Response))
#6 /var/www/html/SISPREV/vendor/cakephp/cakephp/src/Http/Runner.php(65): Cake\Http\Middleware\CsrfProtectionMiddleware->__invoke(Object(Cake\Http\ServerRequest), Object(Cake\Http\Response), Object(Cake\Http\Runner))
#7 /var/www/html/SISPREV/vendor/cakephp/cakephp/src/Http/Runner.php(51): Cake\Http\Runner->__invoke(Object(Cake\Http\ServerRequest), Object(Cake\Http\Response))
#8 /var/www/html/SISPREV/vendor/cakephp/cakephp/src/Routing/Middleware/RoutingMiddleware.php(168): Cake\Http\Runner->run(Object(Cake\Http\MiddlewareQueue), Object(Cake\Http\ServerRequest), Object(Cake\Http\Response))
#9 /var/www/html/SISPREV/vendor/cakephp/cakephp/src/Http/Runner.php(65): Cake\Routing\Middleware\RoutingMiddleware->__invoke(Object(Cake\Http\ServerRequest), Object(Cake\Http\Response), Object(Cake\Http\Runner))
#10 /var/www/html/SISPREV/vendor/cakephp/cakephp/src/Routing/Middleware/AssetMiddleware.php(88): Cake\Http\Runner->__invoke(Object(Cake\Http\ServerRequest), Object(Cake\Http\Response))
#11 /var/www/html/SISPREV/vendor/cakephp/cakephp/src/Http/Runner.php(65): Cake\Routing\Middleware\AssetMiddleware->__invoke(Object(Cake\Http\ServerRequest), Object(Cake\Http\Response), Object(Cake\Http\Runner))
#12 /var/www/html/SISPREV/vendor/cakephp/cakephp/src/Error/Middleware/ErrorHandlerMiddleware.php(96): Cake\Http\Runner->__invoke(Object(Cake\Http\ServerRequest), Object(Cake\Http\Response))
#13 /var/www/html/SISPREV/vendor/cakephp/cakephp/src/Http/Runner.php(65): Cake\Error\Middleware\ErrorHandlerMiddleware->__invoke(Object(Cake\Http\ServerRequest), Object(Cake\Http\Response), Object(Cake\Http\Runner))
#14 /var/www/html/SISPREV/vendor/cakephp/cakephp/src/Http/Runner.php(51): Cake\Http\Runner->__invoke(Object(Cake\Http\ServerRequest), Object(Cake\Http\Response))
#15 /var/www/html/SISPREV/vendor/cakephp/cakephp/src/Http/Server.php(97): Cake\Http\Runner->run(Object(Cake\Http\MiddlewareQueue), Object(Cake\Http\ServerRequest), Object(Cake\Http\Response))
#16 /var/www/html/SISPREV/webroot/index.php(40): Cake\Http\Server->run()
#17 {main}
Request URL: /ordem
Referer URL: http://localhost/SISPREV/orgao


2019-11-08 18:48:26 Warning: DebugKit not enabled. You need to either install pdo_sqlite, or define the "debug_kit" connection name.
2019-11-08 18:48:35 Warning: DebugKit not enabled. You need to either install pdo_sqlite, or define the "debug_kit" connection name.
2019-11-08 18:48:44 Warning: DebugKit not enabled. You need to either install pdo_sqlite, or define the "debug_kit" connection name.
2019-11-08 18:48:57 Warning: DebugKit not enabled. You need to either install pdo_sqlite, or define the "debug_kit" connection name.
2019-11-08 18:53:05 Warning: DebugKit not enabled. You need to either install pdo_sqlite, or define the "debug_kit" connection name.
2019-11-08 18:53:08 Warning: DebugKit not enabled. You need to either install pdo_sqlite, or define the "debug_kit" connection name.
2019-11-08 18:53:44 Warning: DebugKit not enabled. You need to either install pdo_sqlite, or define the "debug_kit" connection name.
